[2018-12-06 18:46:46,398][INFO]: Initialize TestResult dir
[2018-12-06 18:46:46,399][INFO]: Initialize BackupResult and inner dirs
[2018-12-06 18:46:46,408][INFO]: BackupResult E:\Workspace\Projects\WebUIAutoFramework\TestFramework\TestResults\LastResult\Logs
[2018-12-06 18:46:46,409][INFO]: BackupResult E:\Workspace\Projects\WebUIAutoFramework\TestFramework\TestResults\LastResult\Reports
[2018-12-06 18:46:46,410][INFO]: BackupResult E:\Workspace\Projects\WebUIAutoFramework\TestFramework\TestResults\LastResult\Screenshots
[2018-12-06 18:46:46,411][INFO]: Initialize LastResult and inner dirs
[2018-12-06 18:46:46,413][INFO]: Launch Chrome browser
[2018-12-06 18:46:51,238][INFO]: Maximize browser
[2018-12-06 18:46:52,355][INFO]: Set implicity wait time to 30.0
[2018-12-06 18:46:52,369][INFO]: Start to test...

[2018-12-06 18:46:52,370][INFO]: ****************************** TestLogin >> test_login_#login_success ******************************
[2018-12-06 18:46:52,370][ERROR]: [UnwantedException]:
Traceback (most recent call last):
  File "E:\Workspace\Projects\WebUIAutoFramework\TestFramework\TestEngine\Decorator.py", line 38, in on_call
    result = func(*args, **kwargs)
  File "E:\Workspace\Projects\WebUIAutoFramework\Lib\WebDriver\Browser.py", line 67, in navigate_to
    self.driver.get(url)
AttributeError: 'NoneType' object has no attribute 'get'
[2018-12-06 18:46:52,371][INFO]: *************************** TestLogin >> test_login_#fail_empty_username ***************************
[2018-12-06 18:46:52,371][ERROR]: [UnwantedException]:
Traceback (most recent call last):
  File "E:\Workspace\Projects\WebUIAutoFramework\TestFramework\TestEngine\Decorator.py", line 38, in on_call
    result = func(*args, **kwargs)
  File "E:\Workspace\Projects\WebUIAutoFramework\Lib\WebDriver\Browser.py", line 67, in navigate_to
    self.driver.get(url)
AttributeError: 'NoneType' object has no attribute 'get'
[2018-12-06 18:46:52,372][INFO]: *************************** TestLogin >> test_login_#fail_empty_password ***************************
[2018-12-06 18:46:52,372][ERROR]: [UnwantedException]:
Traceback (most recent call last):
  File "E:\Workspace\Projects\WebUIAutoFramework\TestFramework\TestEngine\Decorator.py", line 38, in on_call
    result = func(*args, **kwargs)
  File "E:\Workspace\Projects\WebUIAutoFramework\Lib\WebDriver\Browser.py", line 67, in navigate_to
    self.driver.get(url)
AttributeError: 'NoneType' object has no attribute 'get'
[2018-12-06 18:46:52,372][INFO]: ************************* TestLogin >> test_login_#fail_incorrect_username *************************
[2018-12-06 18:46:52,373][ERROR]: [UnwantedException]:
Traceback (most recent call last):
  File "E:\Workspace\Projects\WebUIAutoFramework\TestFramework\TestEngine\Decorator.py", line 38, in on_call
    result = func(*args, **kwargs)
  File "E:\Workspace\Projects\WebUIAutoFramework\Lib\WebDriver\Browser.py", line 67, in navigate_to
    self.driver.get(url)
AttributeError: 'NoneType' object has no attribute 'get'
[2018-12-06 18:46:52,373][INFO]: ************************* TestLogin >> test_login_#fail_incorrect_password *************************
[2018-12-06 18:46:52,373][ERROR]: [UnwantedException]:
Traceback (most recent call last):
  File "E:\Workspace\Projects\WebUIAutoFramework\TestFramework\TestEngine\Decorator.py", line 38, in on_call
    result = func(*args, **kwargs)
  File "E:\Workspace\Projects\WebUIAutoFramework\Lib\WebDriver\Browser.py", line 67, in navigate_to
    self.driver.get(url)
AttributeError: 'NoneType' object has no attribute 'get'
[2018-12-06 18:46:52,374][INFO]: ************************ TestLogin >> test_login_#fail_overlength_username *************************
[2018-12-06 18:46:52,374][ERROR]: [UnwantedException]:
Traceback (most recent call last):
  File "E:\Workspace\Projects\WebUIAutoFramework\TestFramework\TestEngine\Decorator.py", line 38, in on_call
    result = func(*args, **kwargs)
  File "E:\Workspace\Projects\WebUIAutoFramework\Lib\WebDriver\Browser.py", line 67, in navigate_to
    self.driver.get(url)
AttributeError: 'NoneType' object has no attribute 'get'
[2018-12-06 18:46:52,375][INFO]: ************************ TestLogin >> test_login_#fail_overlength_password *************************
[2018-12-06 18:46:52,375][ERROR]: [UnwantedException]:
Traceback (most recent call last):
  File "E:\Workspace\Projects\WebUIAutoFramework\TestFramework\TestEngine\Decorator.py", line 38, in on_call
    result = func(*args, **kwargs)
  File "E:\Workspace\Projects\WebUIAutoFramework\Lib\WebDriver\Browser.py", line 67, in navigate_to
    self.driver.get(url)
AttributeError: 'NoneType' object has no attribute 'get'
[2018-12-06 18:46:52,375][INFO]: ************************** TestLogin >> test_login_#fail_symbols_username **************************
[2018-12-06 18:46:52,375][ERROR]: [UnwantedException]:
Traceback (most recent call last):
  File "E:\Workspace\Projects\WebUIAutoFramework\TestFramework\TestEngine\Decorator.py", line 38, in on_call
    result = func(*args, **kwargs)
  File "E:\Workspace\Projects\WebUIAutoFramework\Lib\WebDriver\Browser.py", line 67, in navigate_to
    self.driver.get(url)
AttributeError: 'NoneType' object has no attribute 'get'
[2018-12-06 18:46:52,376][INFO]: ************************** TestLogin >> test_login_#fail_symbols_password **************************
[2018-12-06 18:46:52,376][ERROR]: [UnwantedException]:
Traceback (most recent call last):
  File "E:\Workspace\Projects\WebUIAutoFramework\TestFramework\TestEngine\Decorator.py", line 38, in on_call
    result = func(*args, **kwargs)
  File "E:\Workspace\Projects\WebUIAutoFramework\Lib\WebDriver\Browser.py", line 67, in navigate_to
    self.driver.get(url)
AttributeError: 'NoneType' object has no attribute 'get'
[2018-12-06 18:46:52,376][INFO]: ************************************ TestDDT >> test_ddt_#test1 ************************************
[2018-12-06 18:46:52,377][INFO]: ----------------------------------------- TestRunNo: >> 1 ------------------------------------------
[2018-12-06 18:46:52,377][INFO]: username: username1
[2018-12-06 18:46:52,377][INFO]: password: password1
[2018-12-06 18:46:52,377][DEBUG]: [Assert]: assertTrue >> ('test1',)
[2018-12-06 18:46:52,377][DEBUG]: [Assert]: assertTrue >> ('username1',)
[2018-12-06 18:46:52,377][DEBUG]: [Assert]: assertTrue >> ('password1',)
[2018-12-06 18:46:52,377][INFO]: ------------------------------------------- TestResult: --------------------------------------------
[2018-12-06 18:46:52,377][INFO]: [TestSuccess]: TestDDT >> test_ddt_#test1 
[2018-12-06 18:46:52,377][INFO]: ****************************************************************************************************

[2018-12-06 18:46:52,377][INFO]: ************************************ TestDDT >> test_ddt_#test2 ************************************
[2018-12-06 18:46:52,378][INFO]: ----------------------------------------- TestRunNo: >> 1 ------------------------------------------
[2018-12-06 18:46:52,378][INFO]: username: username2
[2018-12-06 18:46:52,378][INFO]: password: password2
[2018-12-06 18:46:52,378][DEBUG]: [Assert]: assertTrue >> ('test2',)
[2018-12-06 18:46:52,378][DEBUG]: [Assert]: assertTrue >> ('username2',)
[2018-12-06 18:46:52,378][DEBUG]: [Assert]: assertTrue >> ('password2',)
[2018-12-06 18:46:52,378][INFO]: ------------------------------------------- TestResult: --------------------------------------------
[2018-12-06 18:46:52,378][INFO]: [TestSuccess]: TestDDT >> test_ddt_#test2 
[2018-12-06 18:46:52,378][INFO]: ****************************************************************************************************

[2018-12-06 18:46:52,378][INFO]: ************************************ TestDDT >> test_ddt_#test3 ************************************
[2018-12-06 18:46:52,379][INFO]: ----------------------------------------- TestRunNo: >> 1 ------------------------------------------
[2018-12-06 18:46:52,379][INFO]: username: username3
[2018-12-06 18:46:52,379][INFO]: password: password3
[2018-12-06 18:46:52,379][DEBUG]: [Assert]: assertTrue >> ('test3',)
[2018-12-06 18:46:52,379][DEBUG]: [Assert]: assertTrue >> ('username3',)
[2018-12-06 18:46:52,379][DEBUG]: [Assert]: assertTrue >> ('password3',)
[2018-12-06 18:46:52,379][INFO]: ------------------------------------------- TestResult: --------------------------------------------
[2018-12-06 18:46:52,379][INFO]: [TestSuccess]: TestDDT >> test_ddt_#test3 
[2018-12-06 18:46:52,379][INFO]: ****************************************************************************************************

[2018-12-06 18:46:52,380][INFO]: Finish testing...
[2018-12-06 18:46:52,380][INFO]: Quit browser and release current driver
